<!DOCTYPE html PUBLIC "-//W3C//DTD XHTML 1.1//EN" "http://www.w3.org/TR/xhtml11/DTD/xhtml11.dtd">
<html xmlns="http://www.w3.org/1999/xhtml">
<head>
<meta http-equiv="content-type" content="text/html; charset=UTF-8"/>
<title>TestNG Report</title>
<style type="text/css">table {margin-bottom:10px;border-collapse:collapse;empty-cells:show}th,td {border:1px solid #009;padding:.25em .5em}th {vertical-align:bottom}td {vertical-align:top}table a {font-weight:bold}.stripe td {background-color: #E6EBF9}.num {text-align:right}.passedodd td {background-color: #3F3}.passedeven td {background-color: #0A0}.skippedodd td {background-color: #DDD}.skippedeven td {background-color: #CCC}.failedodd td,.attn {background-color: #F33}.failedeven td,.stripe .attn {background-color: #D00}.stacktrace {white-space:pre;font-family:monospace}.totop {font-size:85%;text-align:center;border-bottom:2px solid #000}.invisible {display:none}</style>
</head>
<body>
<table>
<tr><th>Test</th><th># Passed</th><th># Skipped</th><th># Failed</th><th>Time (ms)</th><th>Included Groups</th><th>Excluded Groups</th></tr>
<tr><th colspan="7">Suite</th></tr>
<tr><td><a href="#t0">TestGC</a></td><td class="num">2</td><td class="num">0</td><td class="num attn">1</td><td class="num">61,918</td><td></td><td></td></tr>
<tr class="stripe"><td><a href="#t1">TestFF</a></td><td class="num">2</td><td class="num">0</td><td class="num attn">1</td><td class="num">139,318</td><td></td><td></td></tr>
<tr><th>Total</th><th class="num">4</th><th class="num">0</th><th class="num attn">2</th><th class="num">201,236</th><th colspan="2"></th></tr>
</table>
<table id='summary'><thead><tr><th>Class</th><th>Method</th><th>Start</th><th>Time (ms)</th></tr></thead><tbody><tr><th colspan="4">Suite</th></tr></tbody><tbody id="t0"><tr><th colspan="4">TestGC &#8212; failed</th></tr><tr class="failedeven"><td rowspan="1">scripts.CheckProductVersion</td><td><a href="#m0">testCheckProductVersion</a></td><td rowspan="1">1513155923483</td><td rowspan="1">16302</td></tr><tr><th colspan="4">TestGC &#8212; passed</th></tr><tr class="passedeven"><td rowspan="1">scripts.InvalidLogin</td><td><a href="#m1">testInvalidLogin</a></td><td rowspan="1">1513155906759</td><td rowspan="1">1210</td></tr><tr class="passedodd"><td rowspan="1">scripts.ValidLogin</td><td><a href="#m2">testValidLogin</a></td><td rowspan="1">1513155893328</td><td rowspan="1">2569</td></tr></tbody>
<tbody id="t1"><tr><th colspan="4">TestFF &#8212; failed</th></tr><tr class="failedeven"><td rowspan="1">scripts.CheckProductVersion</td><td><a href="#m3">testCheckProductVersion</a></td><td rowspan="1">1513156003628</td><td rowspan="1">15003</td></tr><tr><th colspan="4">TestFF &#8212; passed</th></tr><tr class="passedeven"><td rowspan="1">scripts.InvalidLogin</td><td><a href="#m4">testInvalidLogin</a></td><td rowspan="1">1513155986224</td><td rowspan="1">2856</td></tr><tr class="passedodd"><td rowspan="1">scripts.ValidLogin</td><td><a href="#m5">testValidLogin</a></td><td rowspan="1">1513155963364</td><td rowspan="1">4974</td></tr></tbody>
</table>
<h2>TestGC</h2><h3 id="m0">scripts.CheckProductVersion#testCheckProductVersion</h3><table class="result"><tr><th>Exception</th></tr><tr><td><div class="stacktrace">org.openqa.selenium.NoSuchElementException: no such element: Unable to locate element: {&quot;method&quot;:&quot;link text&quot;,&quot;selector&quot;:&quot;About your actiTime&quot;}
  (Session info: chrome=63.0.3239.84)
  (Driver info: chromedriver=2.33.506120 (e3e53437346286c0bc2d2dc9aa4915ba81d9023f),platform=Windows NT 10.0.10586 x86_64) (WARNING: The server did not provide any stacktrace information)
Command duration or timeout: 0 milliseconds
For documentation on this error, please visit: http://seleniumhq.org/exceptions/no_such_element.html
Build info: version: &apos;3.6.0&apos;, revision: &apos;6fbf3ec767&apos;, time: &apos;2017-09-27T16:15:40.131Z&apos;
System info: host: &apos;DESKTOP-3ARIVLD&apos;, ip: &apos;192.168.43.248&apos;, os.name: &apos;Windows 10&apos;, os.arch: &apos;amd64&apos;, os.version: &apos;10.0&apos;, java.version: &apos;1.8.0_151&apos;
Driver info: org.openqa.selenium.chrome.ChromeDriver
Capabilities [{mobileEmulationEnabled=false, hasTouchScreen=false, platform=XP, acceptSslCerts=true, webStorageEnabled=true, browserName=chrome, takesScreenshot=true, javascriptEnabled=true, platformName=XP, setWindowRect=true, unexpectedAlertBehaviour=, applicationCacheEnabled=false, rotatable=false, networkConnectionEnabled=false, chrome={chromedriverVersion=2.33.506120 (e3e53437346286c0bc2d2dc9aa4915ba81d9023f), userDataDir=C:\Users\vivia\AppData\Local\Temp\scoped_dir11028_12629}, takesHeapSnapshot=true, pageLoadStrategy=normal, unhandledPromptBehavior=, databaseEnabled=false, handlesAlerts=true, version=63.0.3239.84, browserConnectionEnabled=false, nativeEvents=true, locationContextEnabled=true, cssSelectorsEnabled=true}]
Session ID: 3c90f2d9558e5b86b24a1daac79f715a
*** Element info: {Using=link text, value=About your actiTime}
	at org.openqa.selenium.remote.ErrorHandler.createThrowable(ErrorHandler.java:214)
	at org.openqa.selenium.remote.ErrorHandler.throwIfResponseFailed(ErrorHandler.java:166)
	at org.openqa.selenium.remote.http.JsonHttpResponseCodec.reconstructValue(JsonHttpResponseCodec.java:40)
	at org.openqa.selenium.remote.http.AbstractHttpResponseCodec.decode(AbstractHttpResponseCodec.java:82)
	at org.openqa.selenium.remote.http.AbstractHttpResponseCodec.decode(AbstractHttpResponseCodec.java:45)
	at org.openqa.selenium.remote.HttpCommandExecutor.execute(HttpCommandExecutor.java:164)
	at org.openqa.selenium.remote.service.DriverCommandExecutor.execute(DriverCommandExecutor.java:83)
	at org.openqa.selenium.remote.RemoteWebDriver.execute(RemoteWebDriver.java:586)
	at org.openqa.selenium.remote.RemoteWebDriver.findElement(RemoteWebDriver.java:356)
	at org.openqa.selenium.remote.RemoteWebDriver.findElementByLinkText(RemoteWebDriver.java:410)
	at org.openqa.selenium.By$ByLinkText.findElement(By.java:246)
	at org.openqa.selenium.remote.RemoteWebDriver.findElement(RemoteWebDriver.java:348)
	at org.openqa.selenium.support.pagefactory.DefaultElementLocator.findElement(DefaultElementLocator.java:69)
	at org.openqa.selenium.support.pagefactory.internal.LocatingElementHandler.invoke(LocatingElementHandler.java:38)
	at com.sun.proxy.$Proxy11.click(Unknown Source)
	at pages.EnterTimeTrackPage.clickAboutActiTIME(EnterTimeTrackPage.java:39)
	at scripts.CheckProductVersion.testCheckProductVersion(CheckProductVersion.java:33)
	at java.util.concurrent.FutureTask.run(Unknown Source)
	at java.util.concurrent.ThreadPoolExecutor.runWorker(Unknown Source)
	at java.util.concurrent.ThreadPoolExecutor$Worker.run(Unknown Source)
	at java.lang.Thread.run(Unknown Source)
... Removed 20 stack frames</div></td></tr></table><p class="totop"><a href="#summary">back to summary</a></p>
<h3 id="m1">scripts.InvalidLogin#testInvalidLogin</h3><table class="result"><tr><th>Messages</th></tr><tr><td><div class="messages">Error message is displayed</div></td></tr></table><p class="totop"><a href="#summary">back to summary</a></p>
<h3 id="m2">scripts.ValidLogin#testValidLogin</h3><table class="result"><tr><th>Messages</th></tr><tr><td><div class="messages">Title is matching</div></td></tr></table><p class="totop"><a href="#summary">back to summary</a></p>
<h2>TestFF</h2><h3 id="m3">scripts.CheckProductVersion#testCheckProductVersion</h3><table class="result"><tr><th>Exception</th></tr><tr><td><div class="stacktrace">org.openqa.selenium.NoSuchElementException: Unable to locate element: About your actiTime
For documentation on this error, please visit: http://seleniumhq.org/exceptions/no_such_element.html
Build info: version: &apos;3.6.0&apos;, revision: &apos;6fbf3ec767&apos;, time: &apos;2017-09-27T16:15:40.131Z&apos;
System info: host: &apos;DESKTOP-3ARIVLD&apos;, ip: &apos;192.168.43.248&apos;, os.name: &apos;Windows 10&apos;, os.arch: &apos;amd64&apos;, os.version: &apos;10.0&apos;, java.version: &apos;1.8.0_151&apos;
Driver info: org.openqa.selenium.firefox.FirefoxDriver
Capabilities [{moz:profile=C:\Users\vivia\AppData\Local\Temp\rust_mozprofile.LcKnTbvjvdk2, rotatable=false, timeouts={implicit=0, pageLoad=300000, script=30000}, pageLoadStrategy=normal, moz:headless=false, platform=XP, specificationLevel=0, moz:accessibilityChecks=false, acceptInsecureCerts=true, browserVersion=56.0, platformVersion=10.0, moz:processID=10876, browserName=firefox, javascriptEnabled=true, platformName=XP}]
Session ID: 46339a12-766b-441d-97d1-d31c8e0d8c54
*** Element info: {Using=link text, value=About your actiTime}
	at org.openqa.selenium.remote.http.W3CHttpResponseCodec.createException(W3CHttpResponseCodec.java:185)
	at org.openqa.selenium.remote.http.W3CHttpResponseCodec.decode(W3CHttpResponseCodec.java:120)
	at org.openqa.selenium.remote.http.W3CHttpResponseCodec.decode(W3CHttpResponseCodec.java:49)
	at org.openqa.selenium.remote.HttpCommandExecutor.execute(HttpCommandExecutor.java:164)
	at org.openqa.selenium.remote.service.DriverCommandExecutor.execute(DriverCommandExecutor.java:83)
	at org.openqa.selenium.remote.RemoteWebDriver.execute(RemoteWebDriver.java:586)
	at org.openqa.selenium.remote.RemoteWebDriver.findElement(RemoteWebDriver.java:356)
	at org.openqa.selenium.remote.RemoteWebDriver.findElementByLinkText(RemoteWebDriver.java:410)
	at org.openqa.selenium.By$ByLinkText.findElement(By.java:246)
	at org.openqa.selenium.remote.RemoteWebDriver.findElement(RemoteWebDriver.java:348)
	at org.openqa.selenium.support.pagefactory.DefaultElementLocator.findElement(DefaultElementLocator.java:69)
	at org.openqa.selenium.support.pagefactory.internal.LocatingElementHandler.invoke(LocatingElementHandler.java:38)
	at com.sun.proxy.$Proxy11.click(Unknown Source)
	at pages.EnterTimeTrackPage.clickAboutActiTIME(EnterTimeTrackPage.java:39)
	at scripts.CheckProductVersion.testCheckProductVersion(CheckProductVersion.java:33)
	at java.util.concurrent.FutureTask.run(Unknown Source)
	at java.util.concurrent.ThreadPoolExecutor.runWorker(Unknown Source)
	at java.util.concurrent.ThreadPoolExecutor$Worker.run(Unknown Source)
	at java.lang.Thread.run(Unknown Source)
... Removed 20 stack frames</div></td></tr></table><p class="totop"><a href="#summary">back to summary</a></p>
<h3 id="m4">scripts.InvalidLogin#testInvalidLogin</h3><table class="result"><tr><th>Messages</th></tr><tr><td><div class="messages">Error message is displayed</div></td></tr></table><p class="totop"><a href="#summary">back to summary</a></p>
<h3 id="m5">scripts.ValidLogin#testValidLogin</h3><table class="result"><tr><th>Messages</th></tr><tr><td><div class="messages">Title is matching</div></td></tr></table><p class="totop"><a href="#summary">back to summary</a></p>
</body>
</html>
